<?xml version="1.0" encoding="UTF-8"?>
<testng-results ignored="0" total="1" passed="1" failed="0" skipped="0">
  <reporter-output>
  </reporter-output>
  <suite started-at="2025-04-09T13:22:43 IST" name="Default suite" finished-at="2025-04-09T13:22:53 IST" duration-ms="9631">
    <groups>
    </groups>
    <test started-at="2025-04-09T13:22:43 IST" name="Default test" finished-at="2025-04-09T13:22:53 IST" duration-ms="9631">
      <class name="practice.testng.SearchContactTest">
        <test-method is-config="true" signature="configBS()[pri:0, instance:practice.testng.SearchContactTest@26b3fd41]" started-at="2025-04-09T13:22:43 IST" name="configBS" finished-at="2025-04-09T13:22:43 IST" duration-ms="256" status="PASS">
          <reporter-output>
          </reporter-output>
        </test-method> <!-- configBS -->
        <test-method is-config="true" signature="configBC()[pri:0, instance:practice.testng.SearchContactTest@26b3fd41]" started-at="2025-04-09T13:22:43 IST" name="configBC" finished-at="2025-04-09T13:22:45 IST" duration-ms="1455" status="PASS">
          <reporter-output>
          </reporter-output>
        </test-method> <!-- configBC -->
        <test-method is-config="true" signature="configBM()[pri:0, instance:practice.testng.SearchContactTest@26b3fd41]" started-at="2025-04-09T13:22:45 IST" name="configBM" finished-at="2025-04-09T13:22:46 IST" duration-ms="1093" status="PASS">
          <reporter-output>
          </reporter-output>
        </test-method> <!-- configBM -->
        <test-method signature="searchcontactTest()[pri:0, instance:practice.testng.SearchContactTest@26b3fd41]" started-at="2025-04-09T13:22:46 IST" name="searchcontactTest" finished-at="2025-04-09T13:22:46 IST" duration-ms="8" status="PASS">
          <reporter-output>
          </reporter-output>
        </test-method> <!-- searchcontactTest -->
        <test-method is-config="true" signature="comfigAM()[pri:0, instance:practice.testng.SearchContactTest@26b3fd41]" started-at="2025-04-09T13:22:46 IST" name="comfigAM" finished-at="2025-04-09T13:22:53 IST" duration-ms="6814" status="PASS">
          <reporter-output>
          </reporter-output>
        </test-method> <!-- comfigAM -->
        <test-method is-config="true" signature="configAC()[pri:0, instance:practice.testng.SearchContactTest@26b3fd41]" started-at="2025-04-09T13:22:53 IST" name="configAC" finished-at="2025-04-09T13:22:53 IST" duration-ms="233" status="PASS">
          <reporter-output>
          </reporter-output>
        </test-method> <!-- configAC -->
        <test-method is-config="true" signature="configAS()[pri:0, instance:practice.testng.SearchContactTest@26b3fd41]" started-at="2025-04-09T13:22:53 IST" name="configAS" finished-at="2025-04-09T13:22:53 IST" duration-ms="8" status="PASS">
          <reporter-output>
          </reporter-output>
        </test-method> <!-- configAS -->
      </class> <!-- practice.testng.SearchContactTest -->
    </test> <!-- Default test -->
  </suite> <!-- Default suite -->
</testng-results>
