<?xml version="1.0" encoding="UTF-8"?>
<testng-results ignored="2" total="3" passed="1" failed="0" skipped="0">
  <reporter-output>
  </reporter-output>
  <suite started-at="2025-04-02T17:54:16 IST" name="Default suite" finished-at="2025-04-02T17:54:56 IST" duration-ms="39811">
    <groups>
      <group name="regressionTest">
        <method signature="CreateContactTest.createContactWithSupportDateTest()[pri:0, instance:com.comcast.crm.contacttest.CreateContactTest@6aaceffd]" name="createContactWithSupportDateTest" class="com.comcast.crm.contacttest.CreateContactTest"/>
      </group> <!-- regressionTest -->
    </groups>
    <test started-at="2025-04-02T17:54:16 IST" name="Default test" finished-at="2025-04-02T17:54:56 IST" duration-ms="39811">
      <class name="com.comcast.crm.contacttest.CreateContactTest">
        <test-method is-config="true" signature="configBS()[pri:0, instance:com.comcast.crm.contacttest.CreateContactTest@6aaceffd]" started-at="2025-04-02T17:54:16 IST" name="configBS" finished-at="2025-04-02T17:54:16 IST" duration-ms="262" status="PASS">
          <reporter-output>
          </reporter-output>
        </test-method> <!-- configBS -->
        <test-method is-config="true" signature="configBC()[pri:0, instance:com.comcast.crm.contacttest.CreateContactTest@6aaceffd]" started-at="2025-04-02T17:54:16 IST" name="configBC" finished-at="2025-04-02T17:54:18 IST" duration-ms="1946" status="PASS">
          <reporter-output>
          </reporter-output>
        </test-method> <!-- configBC -->
        <test-method is-config="true" signature="configBM()[pri:0, instance:com.comcast.crm.contacttest.CreateContactTest@6aaceffd]" started-at="2025-04-02T17:54:18 IST" name="configBM" finished-at="2025-04-02T17:54:26 IST" duration-ms="8356" status="PASS">
          <reporter-output>
          </reporter-output>
        </test-method> <!-- configBM -->
        <test-method signature="createContactWithSupportDateTest()[pri:0, instance:com.comcast.crm.contacttest.CreateContactTest@6aaceffd]" started-at="2025-04-02T17:54:26 IST" name="createContactWithSupportDateTest" finished-at="2025-04-02T17:54:52 IST" duration-ms="25378" status="PASS">
          <reporter-output>
          </reporter-output>
        </test-method> <!-- createContactWithSupportDateTest -->
        <test-method is-config="true" signature="comfigAM()[pri:0, instance:com.comcast.crm.contacttest.CreateContactTest@6aaceffd]" started-at="2025-04-02T17:54:52 IST" name="comfigAM" finished-at="2025-04-02T17:54:55 IST" duration-ms="3497" status="PASS">
          <reporter-output>
          </reporter-output>
        </test-method> <!-- comfigAM -->
        <test-method is-config="true" signature="configAC()[pri:0, instance:com.comcast.crm.contacttest.CreateContactTest@6aaceffd]" started-at="2025-04-02T17:54:55 IST" name="configAC" finished-at="2025-04-02T17:54:56 IST" duration-ms="578" status="PASS">
          <reporter-output>
          </reporter-output>
        </test-method> <!-- configAC -->
        <test-method is-config="true" signature="configAS()[pri:0, instance:com.comcast.crm.contacttest.CreateContactTest@6aaceffd]" started-at="2025-04-02T17:54:56 IST" name="configAS" finished-at="2025-04-02T17:54:56 IST" duration-ms="20" status="PASS">
          <reporter-output>
          </reporter-output>
        </test-method> <!-- configAS -->
      </class> <!-- com.comcast.crm.contacttest.CreateContactTest -->
    </test> <!-- Default test -->
  </suite> <!-- Default suite -->
</testng-results>
